{"level":"fatal","ts":1652144846.5049229,"caller":"admin/main.go:48","msg":"listen tcp 0.0.0.0:8080: bind: address already in use"}
{"level":"info","ts":1652888245.560996,"caller":"api/main.go:65","msg":"starting api server"}
{"level":"info","ts":1652909681.9828322,"caller":"client/main.go:73","msg":"Starting server..."}
{"level":"info","ts":1652910055.425727,"caller":"client/main.go:73","msg":"Starting server..."}
{"level":"info","ts":1652910091.558732,"caller":"client/main.go:73","msg":"Starting server..."}
{"level":"info","ts":1652910119.6499178,"caller":"client/main.go:73","msg":"Starting server..."}
{"level":"info","ts":1652910231.214423,"caller":"client/main.go:73","msg":"Starting server..."}
{"level":"info","ts":1652910263.0568728,"caller":"client/main.go:73","msg":"Starting server..."}
{"level":"info","ts":1652910280.6285179,"caller":"client/main.go:73","msg":"Starting server..."}
{"level":"info","ts":1652910284.026279,"caller":"client/main.go:73","msg":"Starting server..."}
{"level":"info","ts":1652910304.714154,"caller":"client/main.go:73","msg":"Starting server..."}
{"level":"info","ts":1652910311.437192,"caller":"client/main.go:73","msg":"Starting server..."}
{"level":"info","ts":1652910329.952529,"caller":"client/main.go:73","msg":"Starting server..."}
{"level":"info","ts":1652910369.072852,"caller":"client/main.go:73","msg":"Starting server..."}
{"level":"info","ts":1652910388.550121,"caller":"client/main.go:73","msg":"Starting server..."}
{"level":"info","ts":1652910414.820229,"caller":"client/main.go:73","msg":"Starting server..."}
{"level":"info","ts":1652910456.266753,"caller":"client/main.go:73","msg":"Starting server..."}
{"level":"info","ts":1652910482.535139,"caller":"client/main.go:73","msg":"Starting server..."}
{"level":"error","ts":1652910487.3640718,"caller":"webapp/handlers.go:10","msg":"","error":"template: pattern matches no files: `templates/base.layout.gohtml`"}
{"level":"info","ts":1652910688.8111172,"caller":"client/main.go:78","msg":"Starting server..."}
{"level":"error","ts":1652910691.53308,"caller":"webapp/handlers.go:10","msg":"","error":"template: pattern matches no files: `templates/base.layout.gohtml`"}
{"level":"info","ts":1652910765.904633,"caller":"client/main.go:79","msg":"Starting server..."}
{"level":"info","ts":1652910796.746309,"caller":"client/main.go:79","msg":"Starting server..."}
{"level":"info","ts":1652910839.191749,"caller":"client/main.go:79","msg":"Starting server..."}
{"level":"info","ts":1652910950.1546319,"caller":"client/main.go:79","msg":"Starting server..."}
{"level":"error","ts":1652910966.4792662,"caller":"webapp/handlers.go:10","msg":"","error":"template: pattern matches no files: `base.layout.gohtml`"}
{"level":"info","ts":1652910982.842518,"caller":"client/main.go:79","msg":"Starting server..."}
{"level":"info","ts":1652910987.807724,"caller":"client/main.go:87","msg":"Start shutdown due to interrupt signal"}
{"level":"info","ts":1652910989.948641,"caller":"client/main.go:79","msg":"Starting server..."}
{"level":"info","ts":1652911303.989522,"caller":"client/main.go:79","msg":"Starting server..."}
{"level":"info","ts":1652911331.294967,"caller":"client/main.go:87","msg":"Start shutdown due to interrupt signal"}
